therion 5.3.10
initialization file: /etc/therion.ini
reading ... done
configuration file: thconfig.thc
reading ... done
reading source files ... done
preprocessing database ... done
scanning centreline tree ... done
searching for centerline loops ... done
calculating station coordinates ... done
processing survey data ... 
####################### cavern log file ########################
 1> Survex 1.2.6
 2> Copyright © 1990-2012 Olly Betts
 3> Survey has no fixed points. Therefore I’ve fixed 1 at (0,0,0)
 4> 
 5> Survey contains 69 survey stations, joined by 68 legs.
 6> There is 1 loop.
 7> Survey has 2 connected components.
 8> Total length of survey legs =  329.52m ( 329.52m adjusted)
 9> Total plan length of survey legs =  261.29m
10> Total vertical length of survey legs =  140.23m
11> Vertical range = 20.97m (from 44 at 15.34m to 36 at -5.63m)
12> North-South range = 36.85m (from 47 at 28.93m to 69 at -7.92m)
13> East-West range = 11.56m (from 18 at 10.07m to 68 at -1.49m)
14>   60 1-nodes.
15>    1 5-node.
16>    3 6-nodes.
17>    3 9-nodes.
18>    1 12-node.
19>    1 14-node.
20> 
######################### transcription ########################
 3> 1 : 1.0@example1
 5> 69 : -@example1 -- 68 : -@example1
 6> 1 : 1.0@example1
 7> 2 : -@example1
11> 44 : -@example1 -- 36 : -@example1
12> 47 : -@example1 -- 69 : -@example1
13> 18 : -@example1 -- 68 : -@example1
14> 60 : -@example1
15> 1 : 1.0@example1
16> 3 : -@example1
17> 3 : -@example1
18> 1 : 1.0@example1
19> 1 : 1.0@example1
#################### end of cavern log file ####################
done
calculating basic statistics ... done
processing extended elevation ... done
processing references ... done
selecting export objects ... done
writing example1.3d ... done
writing xtherion file ... done
compilation time: 0 sec
therion: warning -- error deleting temporary directory -- /tmp/th21110
